Preloaded 'libsteam_api.so'
Input System module state changed to: Initialized.
Display 0 'HDMI-A-1 39"': 1920x1080 (primary device).
[PhysX] Initialized MultithreadedTaskDispatcher with 4 workers.
Loading player data from /home/tth/.local/share/Steam/steamapps/common/FPV.SkyDive/FPV.SkyDive_Data/data.unity3d
Unable to load player prefs
Desktop is 1920 x 1080 @ 50 Hz
Initialize engine version: 2022.3.62f2 (7670c08855a9)
[Subsystems] Discovering subsystems at path /home/tth/.local/share/Steam/steamapps/common/FPV.SkyDive/FPV.SkyDive_Data/UnitySubsystems
GfxDevice: creating device client; threaded=1; jobified=0
Renderer: Mesa Intel(R) UHD Graphics 630 (CFL GT2)
Vendor:   Intel
Version:  4.6 (Core Profile) Mesa 25.3.5-arch1.1
GLES:     0
 GL_3DFX_texture_compression_FXT1 GL_AMD_conservative_depth GL_AMD_depth_clamp_separate GL_AMD_draw_buffers_blend GL_AMD_gpu_shader_int64 GL_AMD_multi_draw_indirect GL_AMD_performance_monitor GL_AMD_pinned_memory GL_AMD_query_buffer_object GL_AMD_seamless_cubemap_per_texture GL_AMD_shader_stencil_export GL_AMD_shader_trinary_minmax GL_AMD_texture_texture4 GL_AMD_vertex_shader_layer GL_AMD_vertex_shader_viewport_index GL_ANGLE_texture_compression_dxt3 GL_ANGLE_texture_compression_dxt5 GL_ARB_ES2_compatibility GL_ARB_ES3_1_compatibility GL_ARB_ES3_2_compatibility GL_ARB_ES3_compatibility GL_ARB_arrays_of_arrays GL_ARB_base_instance GL_ARB_blend_func_extended GL_ARB_buffer_storage GL_ARB_clear_buffer_object GL_ARB_clear_texture GL_ARB_clip_control GL_ARB_compressed_texture_pixel_storage GL_ARB_compute_shader GL_ARB_compute_variable_group_size GL_ARB_conditional_render_inverted GL_ARB_conservative_depth GL_ARB_copy_buffer GL_ARB_copy_image GL_ARB_cull_distance GL_ARB_debug_output GL_ARB_depth_buffer_float GL_ARB
_depth_clamp GL_ARB_derivative_control GL_ARB_direct_state_access GL_ARB_draw_buffers GL_ARB_draw_buffers_blend GL_ARB_draw_elements_base_vertex GL_ARB_draw_indirect GL_ARB_draw_instanced GL_ARB_enhanced_layouts GL_ARB_explicit_attrib_location GL_ARB_explicit_uniform_location GL_ARB_fragment_coord_conventions GL_ARB_fragment_layer_viewport GL_ARB_fragment_shader GL_ARB_fragment_shader_interlock GL_ARB_framebuffer_no_attachments GL_ARB_framebuffer_object GL_ARB_framebuffer_sRGB GL_ARB_get_program_binary GL_ARB_get_texture_sub_image GL_ARB_gl_spirv GL_ARB_gpu_shader5 GL_ARB_gpu_shader_fp64 GL_ARB_gpu_shader_int64 GL_ARB_half_float_pixel GL_ARB_half_float_vertex GL_ARB_indirect_parameters GL_ARB_instanced_arrays GL_ARB_internalformat_query GL_ARB_internalformat_query2 GL_ARB_invalidate_subdata GL_ARB_map_buffer_alignment GL_ARB_map_buffer_range GL_ARB_multi_bind GL_ARB_multi_draw_indirect GL_ARB_occlusion_query2 GL_ARB_parallel_shader_compile GL_ARB_pipeline_statistics_query GL_ARB_pixel_buffer_object GL_ARB_po
int_sprite GL_ARB_polygon_offset_clamp GL_ARB_post_depth_coverage GL_ARB_program_interface_query GL_ARB_provoking_vertex GL_ARB_query_buffer_object GL_ARB_robust_buffer_access_behavior GL_ARB_robustness GL_ARB_sample_shading GL_ARB_sampler_objects GL_ARB_seamless_cube_map GL_ARB_seamless_cubemap_per_texture GL_ARB_separate_shader_objects GL_ARB_shader_atomic_counter_ops GL_ARB_shader_atomic_counters GL_ARB_shader_ballot GL_ARB_shader_bit_encoding GL_ARB_shader_clock GL_ARB_shader_draw_parameters GL_ARB_shader_group_vote GL_ARB_shader_image_load_store GL_ARB_shader_image_size GL_ARB_shader_objects GL_ARB_shader_precision GL_ARB_shader_stencil_export GL_ARB_shader_storage_buffer_object GL_ARB_shader_subroutine GL_ARB_shader_texture_image_samples GL_ARB_shader_texture_lod GL_ARB_shader_viewport_layer_array GL_ARB_shading_language_420pack GL_ARB_shading_language_include GL_ARB_shading_language_packing GL_ARB_spirv_extensions GL_ARB_stencil_texturing GL_ARB_sync GL_ARB_tessellation_shader GL_ARB_texture_barrier G
L_ARB_texture_border_clamp GL_ARB_texture_buffer_object GL_ARB_texture_buffer_object_rgb32 GL_ARB_texture_buffer_range GL_ARB_texture_compression_bptc GL_ARB_texture_compression_rgtc GL_ARB_texture_cube_map_array GL_ARB_texture_filter_anisotropic GL_ARB_texture_filter_minmax GL_ARB_texture_float GL_ARB_texture_gather GL_ARB_texture_mirror_clamp_to_edge GL_ARB_texture_multisample GL_ARB_texture_non_power_of_two GL_ARB_texture_query_levels GL_ARB_texture_query_lod GL_ARB_texture_rectangle GL_ARB_texture_rg GL_ARB_texture_rgb10_a2ui GL_ARB_texture_stencil8 GL_ARB_texture_storage GL_ARB_texture_storage_multisample GL_ARB_texture_swizzle GL_ARB_texture_view GL_ARB_timer_query GL_ARB_transform_feedback2 GL_ARB_transform_feedback3 GL_ARB_transform_feedback_instanced GL_ARB_transform_feedback_overflow_query GL_ARB_uniform_buffer_object GL_ARB_vertex_array_bgra GL_ARB_vertex_array_object GL_ARB_vertex_attrib_64bit GL_ARB_vertex_attrib_binding GL_ARB_vertex_buffer_object GL_ARB_vertex_shader GL_ARB_vertex_type_10f_11f
_11f_rev GL_ARB_vertex_type_2_10_10_10_rev GL_ARB_viewport_array GL_ATI_blend_equation_separate GL_ATI_texture_float GL_EXT_EGL_image_storage GL_EXT_EGL_image_storage_compression GL_EXT_EGL_sync GL_EXT_abgr GL_EXT_blend_equation_separate GL_EXT_debug_label GL_EXT_demote_to_helper_invocation GL_EXT_draw_buffers2 GL_EXT_draw_instanced GL_EXT_framebuffer_blit GL_EXT_framebuffer_multisample GL_EXT_framebuffer_multisample_blit_scaled GL_EXT_framebuffer_object GL_EXT_framebuffer_sRGB GL_EXT_memory_object GL_EXT_memory_object_fd GL_EXT_packed_depth_stencil GL_EXT_packed_float GL_EXT_pixel_buffer_object GL_EXT_polygon_offset_clamp GL_EXT_provoking_vertex GL_EXT_semaphore GL_EXT_semaphore_fd GL_EXT_shader_clock GL_EXT_shader_framebuffer_fetch GL_EXT_shader_framebuffer_fetch_non_coherent GL_EXT_shader_integer_mix GL_EXT_shader_samples_identical GL_EXT_texture_array GL_EXT_texture_compression_dxt1 GL_EXT_texture_compression_rgtc GL_EXT_texture_compression_s3tc GL_EXT_texture_filter_anisotropic GL_EXT_texture_integer GL
_EXT_texture_sRGB GL_EXT_texture_sRGB_R8 GL_EXT_texture_sRGB_decode GL_EXT_texture_shadow_lod GL_EXT_texture_shared_exponent GL_EXT_texture_snorm GL_EXT_texture_storage GL_EXT_texture_swizzle GL_EXT_timer_query GL_EXT_transform_feedback GL_EXT_vertex_array_bgra GL_EXT_vertex_attrib_64bit GL_IBM_multimode_draw_arrays GL_INTEL_blackhole_render GL_INTEL_conservative_rasterization GL_INTEL_performance_query GL_INTEL_shader_atomic_float_minmax GL_INTEL_shader_integer_functions2 GL_KHR_blend_equation_advanced GL_KHR_blend_equation_advanced_coherent GL_KHR_context_flush_control GL_KHR_debug GL_KHR_no_error GL_KHR_parallel_shader_compile GL_KHR_robust_buffer_access_behavior GL_KHR_robustness GL_KHR_texture_compression_astc_ldr GL_KHR_texture_compression_astc_sliced_3d GL_MESA_framebuffer_flip_y GL_MESA_pack_invert GL_MESA_shader_integer_functions GL_MESA_texture_const_bandwidth GL_MESA_texture_signed_rgba GL_NV_alpha_to_coverage_dither_control GL_NV_compute_shader_derivatives GL_NV_conditional_render GL_NV_copy_imag
e GL_NV_depth_clamp GL_NV_fragment_shader_interlock GL_NV_packed_depth_stencil GL_NV_texture_barrier GL_OES_EGL_image GL_S3_s3tc
OPENGL LOG: Creating OpenGL 4.6 graphics device ; Context level  <OpenGL 4.5> ; Context handle 205490688
Default vsync count 0
requesting resize 1920 x 1080
Using native desktop resolution 1920 x 1080
requesting fullscreen 1920 x 1080 at 0/1 Hz
Desktop is 1920 x 1080 @ 50 Hz
[PhysX] Initialized MultithreadedTaskDispatcher with 4 workers.
UnloadTime: 0.279785 ms
Couldn't create a Convex Mesh from source mesh "DroneSoccerBall" within the maximum polygons limit (256). The partial hull will be used. Consider simplifying your mesh.
Couldn't create a Convex Mesh from source mesh "DroneSoccerBall" within the maximum polygons limit (256). The partial hull will be used. Consider simplifying your mesh.
DontDestroyOnLoad only works for root GameObjects or components on root GameObjects.
FishNet.Managing.NetworkManager:Awake()
UnityEngine.Object:Instantiate(Object)
Orqa.SkyDive.Utils.Bootstrapper:Execute()

[ line -172335848]

Initalizing Steam Client API
HeathenEngineering.SteamworksIntegration.API.Client:Initialize(AppData, InventorySettings, LeaderboardObject[], InputAction[])
HeathenEngineering.SteamworksIntegration.SteamSettings:Initialize()
Orqa.SkyDive.Managers.AuthenticationManager:Start()

[S_API] SteamAPI_Init(): Loaded '/home/tth/.local/share/Steam/linux64/steamclient.so' OK.
Setting breakpad minidump AppID = 1278060
SteamInternal_SetMinidumpSteamID:  Caching Steam ID:  76561199218152687 [API loaded no]
Local User: coulidyanmar:0
HeathenEngineering.SteamworksIntegration.API.Client:Initialize(AppData, InventorySettings, LeaderboardObject[], InputAction[])
HeathenEngineering.SteamworksIntegration.SteamSettings:Initialize()
Orqa.SkyDive.Managers.AuthenticationManager:Start()

Steam API has been initialized with App ID: 1278060
HeathenEngineering.SteamworksIntegration.API.Client:Initialize(AppData, InventorySettings, LeaderboardObject[], InputAction[])
HeathenEngineering.SteamworksIntegration.SteamSettings:Initialize()
Orqa.SkyDive.Managers.AuthenticationManager:Start()

Leaderboards ready
HeathenEngineering.SteamworksIntegration.API.<>c:<Initialize>b__6_1(EResult)
HeathenEngineering.SteamworksIntegration.LeaderboardData:GetAll(LeaderboardObject[], Action`1)
HeathenEngineering.SteamworksIntegration.API.Client:Initialize(AppData, InventorySettings, LeaderboardObject[], InputAction[])
HeathenEngineering.SteamworksIntegration.SteamSettings:Initialize()
Orqa.SkyDive.Managers.AuthenticationManager:Start()

Initalizing Steam Input System
HeathenEngineering.SteamworksIntegration.API.Client:Initialize(AppData, InventorySettings, LeaderboardObject[], InputAction[])
HeathenEngineering.SteamworksIntegration.SteamSettings:Initialize()
Orqa.SkyDive.Managers.AuthenticationManager:Start()

requesting resize 1920 x 1080
Using native desktop resolution 1920 x 1080
requesting fullscreen 1920 x 1080 at 0/1 Hz
Desktop is 1920 x 1080 @ 50 Hz
Failed to load the Steam App List: State = ProtocolError, Error Message = HTTP/1.1 404 Not Found
HeathenEngineering.SteamworksIntegration.API.<>c__DisplayClass11_0:<LoadAppNames>b__0(AsyncOperation)
UnityEngine.AsyncOperation:InvokeCompletionEvent()

Inventory ready, item count: 0
Orqa.SkyDive.Managers.SteamManager:OnInventoryResultReady(InventoryResult)
UnityEngine.Events.InvokableCall`1:Invoke(T1)
UnityEngine.Events.UnityEvent`1:Invoke(T0)
HeathenEngineering.SteamworksIntegration.API.Client:HandleInventoryResults(SteamInventoryResultReady_t)
Steamworks.Callback`1:OnRunCallback(IntPtr)
Steamworks.CallbackDispatcher:RunFrame(Boolean)
HeathenEngineering.SteamworksIntegration.API.App:CallbackWaitThread_ProgressChanged(Object, ProgressChangedEventArgs)
UnityEngine.WorkRequest:Invoke()
UnityEngine.UnitySynchronizationContext:Exec()

PlayFab :: LoadFlightPointsLeaderboard :: 1
Orqa.SkyDive.Managers.<CallUntilLoaded>d__220:MoveNext()
System.Threading.ExecutionContext:RunInternal(ExecutionContext, ContextCallback, Object, Boolean)
System.Runtime.CompilerServices.MoveNextRunner:Run()
System.Threading.Tasks.AwaitTaskContinuation:RunCallback(ContextCallback, Object, Task&)
System.Threading.Tasks.Task:FinishContinuations()
System.Threading.Tasks.Task`1:TrySetResult(TResult)
System.Runtime.CompilerServices.AsyncTaskMethodBuilder`1:SetResult(TResult)
Orqa.SkyDive.Managers.<LoadFlightPointsLeaderboard>d__163:MoveNext()
System.Threading.ExecutionContext:RunInternal(ExecutionContext, ContextCallback, Object, Boolean)
System.Runtime.CompilerServices.MoveNextRunner:Run()
System.Threading.Tasks.AwaitTaskContinuation:RunCallback(ContextCallback, Object, Task&)
System.Threading.Tasks.Task:FinishContinuations()
System.Threading.Tasks.Task`1:TrySetResult(TResult)
System.Threading.Tasks.TaskCompletionSource`1:TrySetResult(TResult)
System.Threading.Tasks.TaskCompletionSource`1:SetResult(TResult)
Orqa.SkyDive.Managers.<>c__DisplayClass163_0:<LoadFlightPointsLeaderboard>b__0(GetLeaderboardResult)
PlayFab.Internal.PlayFabUnityHttp:OnResponse(String, CallRequestContainer)
PlayFab.Internal.<Post>d__12:MoveNext()
UnityEngine.SetupCoroutine:InvokeMoveNext(IEnumerator, IntPtr)

PlayFab :: LoadFlightPointsPlayerPosition :: 1
Orqa.SkyDive.Managers.<CallUntilLoaded>d__220:MoveNext()
System.Threading.ExecutionContext:RunInternal(ExecutionContext, ContextCallback, Object, Boolean)
System.Runtime.CompilerServices.MoveNextRunner:Run()
System.Threading.Tasks.AwaitTaskContinuation:RunCallback(ContextCallback, Object, Task&)
System.Threading.Tasks.Task:FinishContinuations()
System.Threading.Tasks.Task`1:TrySetResult(TResult)
System.Runtime.CompilerServices.AsyncTaskMethodBuilder`1:SetResult(TResult)
Orqa.SkyDive.Managers.<LoadFlightPointsPlayerPosition>d__164:MoveNext()
System.Threading.ExecutionContext:RunInternal(ExecutionContext, ContextCallback, Object, Boolean)
System.Runtime.CompilerServices.MoveNextRunner:Run()
System.Threading.Tasks.AwaitTaskContinuation:RunCallback(ContextCallback, Object, Task&)
System.Threading.Tasks.Task:FinishContinuations()
System.Threading.Tasks.Task`1:TrySetResult(TResult)
System.Threading.Tasks.TaskCompletionSource`1:TrySetResult(TResult)
System.Threading.Tasks.TaskCompletionSource`1:SetResult(TResult)
Orqa.SkyDive.Managers.<>c__DisplayClass164_0:<LoadFlightPointsPlayerPosition>b__0(GetLeaderboardAroundPlayerResult)
PlayFab.Internal.PlayFabUnityHttp:OnResponse(String, CallRequestContainer)
PlayFab.Internal.<Post>d__12:MoveNext()
UnityEngine.SetupCoroutine:InvokeMoveNext(IEnumerator, IntPtr)

PlayFab :: LoadTitleNews :: 1
Orqa.SkyDive.Managers.<CallUntilLoaded>d__220:MoveNext()
System.Threading.ExecutionContext:RunInternal(ExecutionContext, ContextCallback, Object, Boolean)
System.Runtime.CompilerServices.MoveNextRunner:Run()
System.Threading.Tasks.AwaitTaskContinuation:RunCallback(ContextCallback, Object, Task&)
System.Threading.Tasks.Task:FinishContinuations()
System.Threading.Tasks.Task`1:TrySetResult(TResult)
System.Runtime.CompilerServices.AsyncTaskMethodBuilder`1:SetResult(TResult)
Orqa.SkyDive.Managers.<LoadTitleNews>d__162:MoveNext()
System.Threading.ExecutionContext:RunInternal(ExecutionContext, ContextCallback, Object, Boolean)
System.Runtime.CompilerServices.MoveNextRunner:Run()
System.Threading.Tasks.AwaitTaskContinuation:RunCallback(ContextCallback, Object, Task&)
System.Threading.Tasks.Task:FinishContinuations()
System.Threading.Tasks.Task`1:TrySetResult(TResult)
System.Threading.Tasks.TaskCompletionSource`1:TrySetResult(TResult)
System.Threading.Tasks.TaskCompletionSource`1:SetResult(TResult)
Orqa.SkyDive.Managers.<>c__DisplayClass162_0:<LoadTitleNews>b__0(GetTitleNewsResult)
PlayFab.Internal.PlayFabUnityHttp:OnResponse(String, CallRequestContainer)
PlayFab.Internal.<Post>d__12:MoveNext()
UnityEngine.SetupCoroutine:InvokeMoveNext(IEnumerator, IntPtr)

PlayFab :: LoadLeaderboards :: 1
Orqa.SkyDive.Managers.<CallUntilLoaded>d__220:MoveNext()
System.Threading.ExecutionContext:RunInternal(ExecutionContext, ContextCallback, Object, Boolean)
System.Runtime.CompilerServices.MoveNextRunner:Run()
System.Threading.Tasks.AwaitTaskContinuation:RunCallback(ContextCallback, Object, Task&)
System.Threading.Tasks.Task:FinishContinuations()
System.Threading.Tasks.Task`1:TrySetResult(TResult)
System.Runtime.CompilerServices.AsyncTaskMethodBuilder`1:SetResult(TResult)
Orqa.SkyDive.Managers.<LoadLeaderboards>d__167:MoveNext()
System.Threading.ExecutionContext:RunInternal(ExecutionContext, ContextCallback, Object, Boolean)
System.Runtime.CompilerServices.MoveNextRunner:Run()
System.Threading.Tasks.AwaitTaskContinuation:RunCallback(ContextCallback, Object, Task&)
System.Threading.Tasks.Task:FinishContinuations()
System.Threading.Tasks.Task`1:TrySetResult(TResult)
System.Threading.Tasks.WhenAllPromise:Invoke(Task)
System.Threading.Tasks.Task:FinishContinuations()
System.Threading.Tasks.Task`1:TrySetResult(TResult)
System.Runtime.CompilerServices.AsyncTaskMethodBuilder`1:SetResult(TResult)
Orqa.SkyDive.Managers.<GetLeaderboard>d__168:MoveNext()
System.Threading.ExecutionContext:RunInternal(ExecutionContext, ContextCallback, Object, Boolean)
System.Runtime.CompilerServices.MoveNextRunner:Run()
System.Threading.Tasks.AwaitTaskContinuation:RunCallback(ContextCallback, Object, Task&)
System.Threading.Tasks.Task:FinishContinuations()
System.Threading.Tasks.Task`1:TrySetResult(TResult)
System.Threading.Tasks.TaskCompletionSource`1:TrySetResult(TResult)
System.Threading.Tasks.TaskCompletionSource`1:SetResult(TResult)
Orqa.SkyDive.Managers.<<GetLeaderboard>b__0>d:MoveNext()
System.Runtime.CompilerServices.AsyncVoidMethodBuilder:Start(TStateMachine&)
Orqa.SkyDive.Managers.<>c__DisplayClass168_0:<GetLeaderboard>b__0(GetLeaderboardResult)
PlayFab.Internal.PlayFabUnityHttp:OnResponse(String, CallRequestContainer)
PlayFab.Internal.<Post>d__12:MoveNext()
UnityEngine.SetupCoroutine:InvokeMoveNext(IEnumerator, IntPtr)

PlayFab :: LoadUserData :: 1
Orqa.SkyDive.Managers.<CallUntilLoaded>d__220:MoveNext()
System.Threading.ExecutionContext:RunInternal(ExecutionContext, ContextCallback, Object, Boolean)
System.Runtime.CompilerServices.MoveNextRunner:Run()
System.Threading.Tasks.AwaitTaskContinuation:RunCallback(ContextCallback, Object, Task&)
System.Threading.Tasks.Task:FinishContinuations()
System.Threading.Tasks.Task`1:TrySetResult(TResult)
System.Runtime.CompilerServices.AsyncTaskMethodBuilder`1:SetResult(TResult)
Orqa.SkyDive.Managers.<LoadUserData>d__192:MoveNext()
System.Threading.ExecutionContext:RunInternal(ExecutionContext, ContextCallback, Object, Boolean)
System.Runtime.CompilerServices.MoveNextRunner:Run()
System.Threading.Tasks.AwaitTaskContinuation:RunCallback(ContextCallback, Object, Task&)
System.Threading.Tasks.Task:FinishContinuations()
System.Threading.Tasks.Task`1:TrySetResult(TResult)
System.Threading.Tasks.TaskCompletionSource`1:TrySetResult(TResult)
System.Threading.Tasks.TaskCompletionSource`1:SetResult(TResult)
Orqa.SkyDive.Managers.<>c__DisplayClass192_0:<LoadUserData>b__0(GetUserDataResult)
PlayFab.Internal.PlayFabUnityHttp:OnResponse(String, CallRequestContainer)
PlayFab.Internal.<Post>d__12:MoveNext()
UnityEngine.SetupCoroutine:InvokeMoveNext(IEnumerator, IntPtr)

PlayFab :: LoadTrackTimesAroundPlayer :: 1
Orqa.SkyDive.Managers.<CallUntilLoaded>d__220:MoveNext()
System.Threading.ExecutionContext:RunInternal(ExecutionContext, ContextCallback, Object, Boolean)
System.Runtime.CompilerServices.MoveNextRunner:Run()
System.Threading.Tasks.AwaitTaskContinuation:RunCallback(ContextCallback, Object, Task&)
System.Threading.Tasks.Task:FinishContinuations()
System.Threading.Tasks.Task`1:TrySetResult(TResult)
System.Runtime.CompilerServices.AsyncTaskMethodBuilder`1:SetResult(TResult)
Orqa.SkyDive.Managers.<LoadTrackTimesAroundPlayer>d__169:MoveNext()
System.Threading.ExecutionContext:RunInternal(ExecutionContext, ContextCallback, Object, Boolean)
System.Runtime.CompilerServices.MoveNextRunner:Run()
System.Threading.Tasks.AwaitTaskContinuation:RunCallback(ContextCallback, Object, Task&)
System.Threading.Tasks.Task:FinishContinuations()
System.Threading.Tasks.Task`1:TrySetResult(TResult)
System.Threading.Tasks.WhenAllPromise:Invoke(Task)
System.Threading.Tasks.Task:FinishContinuations()
System.Threading.Tasks.Task`1:TrySetResult(TResult)
System.Runtime.CompilerServices.AsyncTaskMethodBuilder`1:SetResult(TResult)
Orqa.SkyDive.Managers.<GetTrackTimeAroundPlayer>d__170:MoveNext()
System.Threading.ExecutionContext:RunInternal(ExecutionContext, ContextCallback, Object, Boolean)
System.Runtime.CompilerServices.MoveNextRunner:Run()
System.Threading.Tasks.AwaitTaskContinuation:RunCallback(ContextCallback, Object, Task&)
System.Threading.Tasks.Task:FinishContinuations()
System.Threading.Tasks.Task`1:TrySetResult(TResult)
System.Threading.Tasks.TaskCompletionSource`1:TrySetResult(TResult)
System.Threading.Tasks.TaskCompletionSource`1:SetResult(TResult)
Orqa.SkyDive.Managers.<>c__DisplayClass170_0:<GetTrackTimeAroundPlayer>b__0(GetLeaderboardAroundPlayerResult)
PlayFab.Internal.PlayFabUnityHttp:OnResponse(String, CallRequestContainer)
PlayFab.Internal.<Post>d__12:MoveNext()
UnityEngine.SetupCoroutine:InvokeMoveNext(IEnumerator, IntPtr)

PlayFab :: LoadLeaderboardRanks :: 1
Orqa.SkyDive.Managers.<CallUntilLoaded>d__220:MoveNext()
System.Threading.ExecutionContext:RunInternal(ExecutionContext, ContextCallback, Object, Boolean)
System.Runtime.CompilerServices.MoveNextRunner:Run()
System.Threading.Tasks.AwaitTaskContinuation:RunCallback(ContextCallback, Object, Task&)
System.Threading.Tasks.Task:FinishContinuations()
System.Threading.Tasks.Task`1:TrySetResult(TResult)
System.Runtime.CompilerServices.AsyncTaskMethodBuilder`1:SetResult(TResult)
Orqa.SkyDive.Managers.<LoadLeaderboardRanks>d__172:MoveNext()
System.Threading.ExecutionContext:RunInternal(ExecutionContext, ContextCallback, Object, Boolean)
System.Runtime.CompilerServices.MoveNextRunner:Run()
System.Threading.Tasks.AwaitTaskContinuation:RunCallback(ContextCallback, Object, Task&)
System.Threading.Tasks.Task:FinishContinuations()
System.Threading.Tasks.Task`1:TrySetResult(TResult)
System.Threading.Tasks.WhenAllPromise:Invoke(Task)
System.Threading.Tasks.Task:FinishContinuations()
System.Threading.Tasks.Task`1:TrySetResult(TResult)
System.Runtime.CompilerServices.AsyncTaskMethodBuilder`1:SetResult(TResult)
Orqa.SkyDive.Managers.<GetRemotePlayerRank>d__174:MoveNext()
System.Threading.ExecutionContext:RunInternal(ExecutionContext, ContextCallback, Object, Boolean)
System.Runtime.CompilerServices.MoveNextRunner:Run()
System.Threading.Tasks.AwaitTaskContinuation:RunCallback(ContextCallback, Object, Task&)
System.Threading.Tasks.Task:FinishContinuations()
System.Threading.Tasks.Task`1:TrySetResult(TResult)
System.Threading.Tasks.TaskCompletionSource`1:TrySetResult(TResult)
System.Threading.Tasks.TaskCompletionSource`1:SetResult(TResult)
Orqa.SkyDive.Managers.<>c__DisplayClass174_0:<GetRemotePlayerRank>b__0(GetLeaderboardAroundPlayerResult)
PlayFab.Internal.PlayFabUnityHttp:OnResponse(String, CallRequestContainer)
PlayFab.Internal.<Post>d__12:MoveNext()
UnityEngine.SetupCoroutine:InvokeMoveNext(IEnumerator, IntPtr)

PlayFab :: LoadSchoolLeagueLeaderboards :: 1
Orqa.SkyDive.Managers.<CallUntilLoaded>d__220:MoveNext()
System.Runtime.CompilerServices.AsyncVoidMethodBuilder:Start(TStateMachine&)
Orqa.SkyDive.Managers.PlayFabManager:StartLoadSchoolLeagueLeaderboardData()
Orqa.SkyDive.Managers.PlayFabManager:<OnPlayFabLoginSuccess>b__152_0()
Orqa.SkyDive.<CallUntilLoaded>d__0:MoveNext()
System.Threading.ExecutionContext:RunInternal(ExecutionContext, ContextCallback, Object, Boolean)
System.Runtime.CompilerServices.MoveNextRunner:Run()
System.Threading.Tasks.AwaitTaskContinuation:RunCallback(ContextCallback, Object, Task&)
System.Threading.Tasks.Task:FinishContinuations()
System.Threading.Tasks.Task`1:TrySetResult(TResult)
System.Runtime.CompilerServices.AsyncTaskMethodBuilder`1:SetResult(TResult)
Orqa.SkyDive.Managers.<LoadTitleData>d__159:MoveNext()
System.Threading.ExecutionContext:RunInternal(ExecutionContext, ContextCallback, Object, Boolean)
System.Runtime.CompilerServices.MoveNextRunner:Run()
System.Threading.Tasks.AwaitTaskContinuation:RunCallback(ContextCallback, Object, Task&)
System.Threading.Tasks.Task:FinishContinuations()
System.Threading.Tasks.Task`1:TrySetResult(TResult)
System.Runtime.CompilerServices.AsyncTaskMethodBuilder`1:SetResult(TResult)
Orqa.SkyDive.PlayFabApi.<LoadTitleDataAsync>d__5:MoveNext()
System.Threading.ExecutionContext:RunInternal(ExecutionContext, ContextCallback, Object, Boolean)
System.Runtime.CompilerServices.MoveNextRunner:Run()
System.Threading.Tasks.AwaitTaskContinuation:RunCallback(ContextCallback, Object, Task&)
System.Threading.Tasks.Task:FinishContinuations()
System.Threading.Tasks.Task`1:TrySetResult(TResult)
System.Threading.Tasks.TaskCompletionSource`1:TrySetResult(TResult)
System.Threading.Tasks.TaskCompletionSource`1:SetResult(TResult)
Orqa.SkyDive.PlayFabApi.<>c__DisplayClass0_0:<GetTitleDataAsync>b__0(GetTitleDataResult)
PlayFab.Internal.PlayFabUnityHttp:OnResponse(String, CallRequestContainer)
PlayFab.Internal.<Post>d__12:MoveNext()
UnityEngine.SetupCoroutine:InvokeMoveNext(IEnumerator, IntPtr)

PlayFab :: LoadContestLeaderboards :: 1
Orqa.SkyDive.Managers.<CallUntilLoaded>d__220:MoveNext()
System.Threading.ExecutionContext:RunInternal(ExecutionContext, ContextCallback, Object, Boolean)
System.Runtime.CompilerServices.MoveNextRunner:Run()
System.Threading.Tasks.AwaitTaskContinuation:RunCallback(ContextCallback, Object, Task&)
System.Threading.Tasks.Task:FinishContinuations()
System.Threading.Tasks.Task`1:TrySetResult(TResult)
System.Runtime.CompilerServices.AsyncTaskMethodBuilder`1:SetResult(TResult)
Orqa.SkyDive.Managers.<LoadContestLeaderboards>d__178:MoveNext()
System.Threading.ExecutionContext:RunInternal(ExecutionContext, ContextCallback, Object, Boolean)
System.Runtime.CompilerServices.MoveNextRunner:Run()
System.Threading.Tasks.AwaitTaskContinuation:RunCallback(ContextCallback, Object, Task&)
System.Threading.Tasks.Task:FinishContinuations()
System.Threading.Tasks.Task`1:TrySetResult(TResult)
System.Threading.Tasks.WhenAllPromise:Invoke(Task)
System.Threading.Tasks.Task:FinishContinuations()
System.Threading.Tasks.Task`1:TrySetResult(TResult)
System.Runtime.CompilerServices.AsyncTaskMethodBuilder`1:SetResult(TResult)
Orqa.SkyDive.Managers.<GetContestLeaderboard>d__179:MoveNext()
System.Threading.ExecutionContext:RunInternal(ExecutionContext, ContextCallback, Object, Boolean)
System.Runtime.CompilerServices.MoveNextRunner:Run()
System.Threading.Tasks.AwaitTaskContinuation:RunCallback(ContextCallback, Object, Task&)
System.Threading.Tasks.Task:FinishContinuations()
System.Threading.Tasks.Task`1:TrySetResult(TResult)
System.Threading.Tasks.TaskCompletionSource`1:TrySetResult(TResult)
System.Threading.Tasks.TaskCompletionSource`1:SetResult(TResult)
Orqa.SkyDive.Managers.<<GetContestLeaderboard>b__0>d:MoveNext()
System.Runtime.CompilerServices.AsyncVoidMethodBuilder:Start(TStateMachine&)
Orqa.SkyDive.Managers.<>c__DisplayClass179_0:<GetContestLeaderboard>b__0(GetLeaderboardResult)
PlayFab.Internal.PlayFabUnityHttp:OnResponse(String, CallRequestContainer)
PlayFab.Internal.<Post>d__12:MoveNext()
UnityEngine.SetupCoroutine:InvokeMoveNext(IEnumerator, IntPtr)

PlayFab :: LoadChallengeLeaderboards :: 1
Orqa.SkyDive.Managers.<CallUntilLoaded>d__220:MoveNext()
System.Threading.ExecutionContext:RunInternal(ExecutionContext, ContextCallback, Object, Boolean)
System.Runtime.CompilerServices.MoveNextRunner:Run()
System.Threading.Tasks.AwaitTaskContinuation:RunCallback(ContextCallback, Object, Task&)
System.Threading.Tasks.Task:FinishContinuations()
System.Threading.Tasks.Task`1:TrySetResult(TResult)
System.Runtime.CompilerServices.AsyncTaskMethodBuilder`1:SetResult(TResult)
Orqa.SkyDive.Managers.<LoadChallengeLeaderboards>d__183:MoveNext()
System.Threading.ExecutionContext:RunInternal(ExecutionContext, ContextCallback, Object, Boolean)
System.Runtime.CompilerServices.MoveNextRunner:Run()
System.Threading.Tasks.AwaitTaskContinuation:RunCallback(ContextCallback, Object, Task&)
System.Threading.Tasks.Task:FinishContinuations()
System.Threading.Tasks.Task`1:TrySetResult(TResult)
System.Threading.Tasks.WhenAllPromise:Invoke(Task)
System.Threading.Tasks.Task:FinishContinuations()
System.Threading.Tasks.Task`1:TrySetResult(TResult)
System.Runtime.CompilerServices.AsyncTaskMethodBuilder`1:SetResult(TResult)
Orqa.SkyDive.Managers.<GetChallengeLeaderboard>d__184:MoveNext()
System.Threading.ExecutionContext:RunInternal(ExecutionContext, ContextCallback, Object, Boolean)
System.Runtime.CompilerServices.MoveNextRunner:Run()
System.Threading.Tasks.AwaitTaskContinuation:RunCallback(ContextCallback, Object, Task&)
System.Threading.Tasks.Task:FinishContinuations()
System.Threading.Tasks.Task`1:TrySetResult(TResult)
System.Threading.Tasks.TaskCompletionSource`1:TrySetResult(TResult)
System.Threading.Tasks.TaskCompletionSource`1:SetResult(TResult)
Orqa.SkyDive.Managers.<<GetChallengeLeaderboard>b__0>d:MoveNext()
System.Runtime.CompilerServices.AsyncVoidMethodBuilder:Start(TStateMachine&)
Orqa.SkyDive.Managers.<>c__DisplayClass184_0:<GetChallengeLeaderboard>b__0(GetLeaderboardResult)
PlayFab.Internal.PlayFabUnityHttp:OnResponse(String, CallRequestContainer)
PlayFab.Internal.<Post>d__12:MoveNext()
UnityEngine.SetupCoroutine:InvokeMoveNext(IEnumerator, IntPtr)

PlayFab :: LoadContestPlayersTrackTimes :: 1
Orqa.SkyDive.Managers.<CallUntilLoaded>d__220:MoveNext()
System.Threading.ExecutionContext:RunInternal(ExecutionContext, ContextCallback, Object, Boolean)
System.Runtime.CompilerServices.MoveNextRunner:Run()
System.Threading.Tasks.AwaitTaskContinuation:RunCallback(ContextCallback, Object, Task&)
System.Threading.Tasks.Task:FinishContinuations()
System.Threading.Tasks.Task`1:TrySetResult(TResult)
System.Runtime.CompilerServices.AsyncTaskMethodBuilder`1:SetResult(TResult)
Orqa.SkyDive.Managers.<LoadContestPlayersTrackTimes>d__180:MoveNext()
System.Threading.ExecutionContext:RunInternal(ExecutionContext, ContextCallback, Object, Boolean)
System.Runtime.CompilerServices.MoveNextRunner:Run()
System.Threading.Tasks.AwaitTaskContinuation:RunCallback(ContextCallback, Object, Task&)
System.Threading.Tasks.Task:FinishContinuations()
System.Threading.Tasks.Task`1:TrySetResult(TResult)
System.Threading.Tasks.WhenAllPromise:Invoke(Task)
System.Threading.Tasks.Task:FinishContinuations()
System.Threading.Tasks.Task`1:TrySetResult(TResult)
System.Runtime.CompilerServices.AsyncTaskMethodBuilder`1:SetResult(TResult)
Orqa.SkyDive.Managers.<GetContestPlayersTrackTime>d__181:MoveNext()
System.Threading.ExecutionContext:RunInternal(ExecutionContext, ContextCallback, Object, Boolean)
System.Runtime.CompilerServices.MoveNextRunner:Run()
System.Threading.Tasks.AwaitTaskContinuation:RunCallback(ContextCallback, Object, Task&)
System.Threading.Tasks.Task:FinishContinuations()
System.Threading.Tasks.Task`1:TrySetResult(TResult)
System.Threading.Tasks.TaskCompletionSource`1:TrySetResult(TResult)
System.Threading.Tasks.TaskCompletionSource`1:SetResult(TResult)
Orqa.SkyDive.Managers.<>c__DisplayClass181_0:<GetContestPlayersTrackTime>b__0(GetLeaderboardAroundPlayerResult)
PlayFab.Internal.PlayFabUnityHttp:OnResponse(String, CallRequestContainer)
PlayFab.Internal.<Post>d__12:MoveNext()
UnityEngine.SetupCoroutine:InvokeMoveNext(IEnumerator, IntPtr)

PlayFab :: LoadChallengeLeaderboardRanks :: 1
Orqa.SkyDive.Managers.<CallUntilLoaded>d__220:MoveNext()
System.Threading.ExecutionContext:RunInternal(ExecutionContext, ContextCallback, Object, Boolean)
System.Runtime.CompilerServices.MoveNextRunner:Run()
System.Threading.Tasks.AwaitTaskContinuation:RunCallback(ContextCallback, Object, Task&)
System.Threading.Tasks.Task:FinishContinuations()
System.Threading.Tasks.Task`1:TrySetResult(TResult)
System.Runtime.CompilerServices.AsyncTaskMethodBuilder`1:SetResult(TResult)
Orqa.SkyDive.Managers.<LoadChallengeLeaderboardRanks>d__173:MoveNext()
System.Threading.ExecutionContext:RunInternal(ExecutionContext, ContextCallback, Object, Boolean)
System.Runtime.CompilerServices.MoveNextRunner:Run()
System.Threading.Tasks.AwaitTaskContinuation:RunCallback(ContextCallback, Object, Task&)
System.Threading.Tasks.Task:FinishContinuations()
System.Threading.Tasks.Task`1:TrySetResult(TResult)
System.Threading.Tasks.WhenAllPromise:Invoke(Task)
System.Threading.Tasks.Task:FinishContinuations()
System.Threading.Tasks.Task`1:TrySetResult(TResult)
System.Runtime.CompilerServices.AsyncTaskMethodBuilder`1:SetResult(TResult)
Orqa.SkyDive.Managers.<GetRemotePlayerRank>d__174:MoveNext()
System.Threading.ExecutionContext:RunInternal(ExecutionContext, ContextCallback, Object, Boolean)
System.Runtime.CompilerServices.MoveNextRunner:Run()
System.Threading.Tasks.AwaitTaskContinuation:RunCallback(ContextCallback, Object, Task&)
System.Threading.Tasks.Task:FinishContinuations()
System.Threading.Tasks.Task`1:TrySetResult(TResult)
System.Threading.Tasks.TaskCompletionSource`1:TrySetResult(TResult)
System.Threading.Tasks.TaskCompletionSource`1:SetResult(TResult)
Orqa.SkyDive.Managers.<>c__DisplayClass174_0:<GetRemotePlayerRank>b__0(GetLeaderboardAroundPlayerResult)
PlayFab.Internal.PlayFabUnityHttp:OnResponse(String, CallRequestContainer)
PlayFab.Internal.<Post>d__12:MoveNext()
UnityEngine.SetupCoroutine:InvokeMoveNext(IEnumerator, IntPtr)

PlayFab :: LoadChallengePlayerTrackTimes :: 1
Orqa.SkyDive.Managers.<CallUntilLoaded>d__220:MoveNext()
System.Threading.ExecutionContext:RunInternal(ExecutionContext, ContextCallback, Object, Boolean)
System.Runtime.CompilerServices.MoveNextRunner:Run()
System.Threading.Tasks.AwaitTaskContinuation:RunCallback(ContextCallback, Object, Task&)
System.Threading.Tasks.Task:FinishContinuations()
System.Threading.Tasks.Task`1:TrySetResult(TResult)
System.Runtime.CompilerServices.AsyncTaskMethodBuilder`1:SetResult(TResult)
Orqa.SkyDive.Managers.<LoadChallengePlayerTrackTimes>d__185:MoveNext()
System.Threading.ExecutionContext:RunInternal(ExecutionContext, ContextCallback, Object, Boolean)
System.Runtime.CompilerServices.MoveNextRunner:Run()
System.Threading.Tasks.AwaitTaskContinuation:RunCallback(ContextCallback, Object, Task&)
System.Threading.Tasks.Task:FinishContinuations()
System.Threading.Tasks.Task`1:TrySetResult(TResult)
System.Threading.Tasks.WhenAllPromise:Invoke(Task)
System.Threading.Tasks.Task:FinishContinuations()
System.Threading.Tasks.Task`1:TrySetResult(TResult)
System.Runtime.CompilerServices.AsyncTaskMethodBuilder`1:SetResult(TResult)
Orqa.SkyDive.Managers.<GetChallengePlayerTrackTime>d__186:MoveNext()
System.Threading.ExecutionContext:RunInternal(ExecutionContext, ContextCallback, Object, Boolean)
System.Runtime.CompilerServices.MoveNextRunner:Run()
System.Threading.Tasks.AwaitTaskContinuation:RunCallback(ContextCallback, Object, Task&)
System.Threading.Tasks.Task:FinishContinuations()
System.Threading.Tasks.Task`1:TrySetResult(TResult)
System.Threading.Tasks.TaskCompletionSource`1:TrySetResult(TResult)
System.Threading.Tasks.TaskCompletionSource`1:SetResult(TResult)
Orqa.SkyDive.Managers.<>c__DisplayClass186_0:<GetChallengePlayerTrackTime>b__0(GetLeaderboardAroundPlayerResult)
PlayFab.Internal.PlayFabUnityHttp:OnResponse(String, CallRequestContainer)
PlayFab.Internal.<Post>d__12:MoveNext()
UnityEngine.SetupCoroutine:InvokeMoveNext(IEnumerator, IntPtr)

Done Google Sync
I2.Loc.<Import_Google_Coroutine>d__65:MoveNext()
UnityEngine.SetupCoroutine:InvokeMoveNext(IEnumerator, IntPtr)

Unloading 6 Unused Serialized files (Serialized files now loaded: 0)
[PhysX] Initialized MultithreadedTaskDispatcher with 4 workers.
UnloadTime: 0.787634 ms
Unloading 20194 unused Assets to reduce memory usage. Loaded Objects now: 73331.
Total: 63.790494 ms (FindLiveObjects: 6.140641 ms CreateObjectMapping: 2.935663 ms MarkObjects: 48.358830 ms  DeleteObjects: 6.354957 ms)

Desktop is 1920 x 1080 @ 50 Hz
Changing real window size to 1916 x 1026
requesting resize 1920 x 1080
Using native desktop resolution 1920 x 1080
requesting fullscreen 1920 x 1080 at 0/1 Hz
Desktop is 1920 x 1080 @ 50 Hz
MapBoundsController :: Drone out of map limits
Orqa.SkyDive.Misc.MapBoundsController:OnDroneCollied()
Orqa.SkyDive.Misc.MapBoundsCollider:OnTriggerEnter(Collider)

NullReferenceException: Object reference not set to an instance of an object.
  at Orqa.SkyDive.Misc.MapBoundsController.OnDisable () [0x00000] in <00000000000000000000000000000000>:0 

Input System module state changed to: ShutdownInProgress.
Input System polling thread exited.
Input System module state changed to: Shutdown.
Memory Statistics:
[ALLOC_TEMP_TLS] TLS Allocator
  StackAllocators : 
    [ALLOC_TEMP_MAIN]
      Peak usage frame count: [64.0 KB-128.0 KB]: 8966 frames, [128.0 KB-256.0 KB]: 3 frames, [256.0 KB-0.5 MB]: 3 frames, [1.0 MB-2.0 MB]: 3 frames, [2.0 MB-4.0 MB]: 13 frames, [4.0 MB-8.0 MB]: 5 frames
      Initial Block Size 4.0 MB
      Current Block Size 8.0 MB
      Peak Allocated Bytes 8.0 MB
      Overflow Count 748
    [ALLOC_TEMP_Loading.AsyncRead]
      Initial Block Size 64.0 KB
      Current Block Size 128.0 KB
      Peak Allocated Bytes 128.0 KB
      Overflow Count 1
    [ALLOC_TEMP_Loading.PreloadManager]
      Initial Block Size 256.0 KB
      Current Block Size 0.5 MB
      Peak Allocated Bytes 347.2 KB
      Overflow Count 1589
    [ALLOC_TEMP_Background Job.Worker 8]
      Initial Block Size 32.0 KB
      Current Block Size 32.0 KB
      Peak Allocated Bytes 0 B
      Overflow Count 0
    [ALLOC_TEMP_Background Job.Worker 9]
      Initial Block Size 32.0 KB
      Current Block Size 32.0 KB
      Peak Allocated Bytes 0 B
      Overflow Count 0
    [ALLOC_TEMP_Job.Worker 0]
      Initial Block Size 256.0 KB
      Current Block Size 256.0 KB
      Peak Allocated Bytes 34.9 KB
      Overflow Count 0
    [ALLOC_TEMP_Background Job.Worker 10]
      Initial Block Size 32.0 KB
      Current Block Size 32.0 KB
      Peak Allocated Bytes 0 B
      Overflow Count 0
    [ALLOC_TEMP_Background Job.Worker 14]
      Initial Block Size 32.0 KB
      Current Block Size 32.0 KB
      Peak Allocated Bytes 0 B
      Overflow Count 0
    [ALLOC_TEMP_Background Job.Worker 6]
      Initial Block Size 32.0 KB
      Current Block Size 32.0 KB
      Peak Allocated Bytes 29 B
      Overflow Count 0
    [ALLOC_TEMP_Background Job.Worker 12]
      Initial Block Size 32.0 KB
      Current Block Size 32.0 KB
      Peak Allocated Bytes 0 B
      Overflow Count 0
    [ALLOC_TEMP_EnlightenWorker] x 2
      Initial Block Size 64.0 KB
      Current Block Size 64.0 KB
      Peak Allocated Bytes 0 B
      Overflow Count 0
    [ALLOC_TEMP_Background Job.Worker 15]
      Initial Block Size 32.0 KB
      Current Block Size 32.0 KB
      Peak Allocated Bytes 0 B
      Overflow Count 0
    [ALLOC_TEMP_Background Job.Worker 1]
      Initial Block Size 32.0 KB
      Current Block Size 32.0 KB
      Peak Allocated Bytes 2.5 KB
      Overflow Count 1
    [ALLOC_TEMP_Background Job.Worker 2]
      Initial Block Size 32.0 KB
      Current Block Size 32.0 KB
      Peak Allocated Bytes 66 B
      Overflow Count 0
    [ALLOC_TEMP_Background Job.Worker 7]
      Initial Block Size 32.0 KB
      Current Block Size 32.0 KB
      Peak Allocated Bytes 0 B
      Overflow Count 0
    [ALLOC_TEMP_UnityGfxDeviceWorker]
      Initial Block Size 256.0 KB
      Current Block Size 256.0 KB
      Peak Allocated Bytes 249.2 KB
      Overflow Count 50
    [ALLOC_TEMP_AssetGarbageCollectorHelper] x 3
      Initial Block Size 64.0 KB
      Current Block Size 64.0 KB
      Peak Allocated Bytes 0 B
      Overflow Count 0
    [ALLOC_TEMP_Background Job.Worker 5]
      Initial Block Size 32.0 KB
      Current Block Size 32.0 KB
      Peak Allocated Bytes 0 B
      Overflow Count 0
    [ALLOC_TEMP_Background Job.Worker 13]
      Initial Block Size 32.0 KB
      Current Block Size 32.0 KB
      Peak Allocated Bytes 0 B
      Overflow Count 0
    [ALLOC_TEMP_Job.Worker 1]
      Initial Block Size 256.0 KB
      Current Block Size 256.0 KB
      Peak Allocated Bytes 34.9 KB
      Overflow Count 0
    [ALLOC_TEMP_Job.Worker 2]
      Initial Block Size 256.0 KB
      Current Block Size 428.0 KB
      Peak Allocated Bytes 426.7 KB
      Overflow Count 2
    [ALLOC_TEMP_Background Job.Worker 3]
      Initial Block Size 32.0 KB
      Current Block Size 32.0 KB
      Peak Allocated Bytes 9.1 KB
      Overflow Count 0
    [ALLOC_TEMP_Background Job.Worker 11]
      Initial Block Size 32.0 KB
      Current Block Size 32.0 KB
      Peak Allocated Bytes 0 B
      Overflow Count 0
    [ALLOC_TEMP_Background Job.Worker 0]
      Initial Block Size 32.0 KB
      Current Block Size 32.0 KB
      Peak Allocated Bytes 0 B
      Overflow Count 0
    [ALLOC_TEMP_Background Job.Worker 4]
      Initial Block Size 32.0 KB
      Current Block Size 32.0 KB
      Peak Allocated Bytes 66 B
      Overflow Count 0
    [ALLOC_TEMP_BatchDeleteObjects]
      Initial Block Size 64.0 KB
      Current Block Size 64.0 KB
      Peak Allocated Bytes 0 B
      Overflow Count 0
[ALLOC_DEFAULT] Dual Thread Allocator
  Peak main deferred allocation count 10506
    [ALLOC_BUCKET]
      Large Block size 4.0 MB
      Used Block count 1
      Peak Allocated bytes 4.0 MB
      Failed Allocations. Bucket layout:
        16B: 30 Subsections = 30720 buckets. Failed count: 374289
        32B: 7 Subsections = 3584 buckets. Failed count: 526504
        48B: 15 Subsections = 5120 buckets. Failed count: 734269
        64B: 182 Subsections = 46592 buckets. Failed count: 261115
        80B: 15 Subsections = 3072 buckets. Failed count: 94852
        96B: 3 Subsections = 512 buckets. Failed count: 211257
        112B: 2 Subsections = 292 buckets. Failed count: 231302
        128B: 2 Subsections = 256 buckets. Failed count: 83551
    [ALLOC_DEFAULT_MAIN]
      Peak usage frame count: [64.0 MB-128.0 MB]: 6549 frames, [128.0 MB-256.0 MB]: 2444 frames
      Requested Block Size 16.0 MB
      Peak Block count 9
      Peak Allocated memory 185.8 MB
      Peak Large allocation bytes 104.3 MB
    [ALLOC_DEFAULT_THREAD]
      Peak usage frame count: [16.0 MB-32.0 MB]: 8993 frames
      Requested Block Size 16.0 MB
      Peak Block count 1
      Peak Allocated memory 31.3 MB
      Peak Large allocation bytes 25.9 MB
[ALLOC_TEMP_JOB_1_FRAME]
  Initial Block Size 2.0 MB
  Used Block Count 0
  Overflow Count (too large) 0
  Overflow Count (full) 0
[ALLOC_TEMP_JOB_2_FRAMES]
  Initial Block Size 2.0 MB
  Used Block Count 0
  Overflow Count (too large) 0
  Overflow Count (full) 0
[ALLOC_TEMP_JOB_4_FRAMES (JobTemp)]
  Initial Block Size 2.0 MB
  Used Block Count 1
  Overflow Count (too large) 3
  Overflow Count (full) 0
[ALLOC_TEMP_JOB_ASYNC (Background)]
  Initial Block Size 1.0 MB
  Used Block Count 1
  Overflow Count (too large) 1
  Overflow Count (full) 0
[ALLOC_GFX] Dual Thread Allocator
  Peak main deferred allocation count 37
    [ALLOC_BUCKET]
      Large Block size 4.0 MB
      Used Block count 1
      Peak Allocated bytes 4.0 MB
      Failed Allocations. Bucket layout:
        16B: 30 Subsections = 30720 buckets. Failed count: 374289
        32B: 7 Subsections = 3584 buckets. Failed count: 526504
        48B: 15 Subsections = 5120 buckets. Failed count: 734269
        64B: 182 Subsections = 46592 buckets. Failed count: 261115
        80B: 15 Subsections = 3072 buckets. Failed count: 94852
        96B: 3 Subsections = 512 buckets. Failed count: 211257
        112B: 2 Subsections = 292 buckets. Failed count: 231302
        128B: 2 Subsections = 256 buckets. Failed count: 83551
    [ALLOC_GFX_MAIN]
      Peak usage frame count: [8.0 MB-16.0 MB]: 1632 frames, [16.0 MB-32.0 MB]: 902 frames, [32.0 MB-64.0 MB]: 3726 frames, [64.0 MB-128.0 MB]: 5 frames, [128.0 MB-256.0 MB]: 15 frames, [256.0 MB-0.50 GB]: 2713 frames
      Requested Block Size 16.0 MB
      Peak Block count 18
      Peak Allocated memory 269.9 MB
      Peak Large allocation bytes 0 B
    [ALLOC_GFX_THREAD]
      Peak usage frame count: [32.0 KB-64.0 KB]: 4334 frames, [1.0 MB-2.0 MB]: 50 frames, [2.0 MB-4.0 MB]: 90 frames, [4.0 MB-8.0 MB]: 168 frames, [8.0 MB-16.0 MB]: 263 frames, [16.0 MB-32.0 MB]: 1035 frames, [32.0 MB-64.0 MB]: 3015 frames, [64.0 MB-128.0 MB]: 10 frames, [128.0 MB-256.0 MB]: 20 frames, [256.0 MB-0.50 GB]: 8 frames
      Requested Block Size 16.0 MB
      Peak Block count 17
      Peak Allocated memory 265.0 MB
      Peak Large allocation bytes 0 B
[ALLOC_CACHEOBJECTS] Dual Thread Allocator
  Peak main deferred allocation count 26109
    [ALLOC_BUCKET]
      Large Block size 4.0 MB
      Used Block count 1
      Peak Allocated bytes 4.0 MB
      Failed Allocations. Bucket layout:
        16B: 30 Subsections = 30720 buckets. Failed count: 374289
        32B: 7 Subsections = 3584 buckets. Failed count: 526504
        48B: 15 Subsections = 5120 buckets. Failed count: 734269
        64B: 182 Subsections = 46592 buckets. Failed count: 261115
        80B: 15 Subsections = 3072 buckets. Failed count: 94852
        96B: 3 Subsections = 512 buckets. Failed count: 211257
        112B: 2 Subsections = 292 buckets. Failed count: 231302
        128B: 2 Subsections = 256 buckets. Failed count: 83551
    [ALLOC_CACHEOBJECTS_MAIN]
      Peak usage frame count: [2.00 GB-4.00 GB]: 8993 frames
      Requested Block Size 4.0 MB
      Peak Block count 767
      Peak Allocated memory 3.22 GB
      Peak Large allocation bytes 0.64 GB
    [ALLOC_CACHEOBJECTS_THREAD]
      Peak usage frame count: [128.0 KB-256.0 KB]: 6239 frames, [256.0 KB-0.5 MB]: 1 frames, [32.0 MB-64.0 MB]: 1 frames, [64.0 MB-128.0 MB]: 2732 frames, [128.0 MB-256.0 MB]: 20 frames
      Requested Block Size 4.0 MB
      Peak Block count 33
      Peak Allocated memory 222.2 MB
      Peak Large allocation bytes 102.5 MB
[ALLOC_TYPETREE] Dual Thread Allocator
  Peak main deferred allocation count 0
    [ALLOC_BUCKET]
      Large Block size 4.0 MB
      Used Block count 1
      Peak Allocated bytes 4.0 MB
      Failed Allocations. Bucket layout:
        16B: 30 Subsections = 30720 buckets. Failed count: 374289
        32B: 7 Subsections = 3584 buckets. Failed count: 526504
        48B: 15 Subsections = 5120 buckets. Failed count: 734269
        64B: 182 Subsections = 46592 buckets. Failed count: 261115
        80B: 15 Subsections = 3072 buckets. Failed count: 94852
        96B: 3 Subsections = 512 buckets. Failed count: 211257
        112B: 2 Subsections = 292 buckets. Failed count: 231302
        128B: 2 Subsections = 256 buckets. Failed count: 83551
    [ALLOC_TYPETREE_MAIN]
      Peak usage frame count: [256.0 KB-0.5 MB]: 8993 frames
      Requested Block Size 2.0 MB
      Peak Block count 1
      Peak Allocated memory 404.9 KB
      Peak Large allocation bytes 0 B
    [ALLOC_TYPETREE_THREAD]
      Peak usage frame count: [0-1.0 KB]: 8993 frames
      Requested Block Size 2.0 MB
      Peak Block count 0
      Peak Allocated memory 0 B
      Peak Large allocation bytes 0 B
IL2CPP Free after allocator was destroyed
IL2CPP Free after allocator was destroyed
IL2CPP Free after allocator was destroyed
IL2CPP Free after allocator was destroyed
IL2CPP Free after allocator was destroyed
IL2CPP Free after allocator was destroyed
IL2CPP Free after allocator was destroyed
IL2CPP Free after allocator was destroyed
IL2CPP Free after allocator was destroyed
IL2CPP Free after allocator was destroyed
IL2CPP Free after allocator was destroyed
IL2CPP Free after allocator was destroyed
IL2CPP Free after allocator was destroyed
IL2CPP Free after allocator was destroyed
IL2CPP Free after allocator was destroyed
IL2CPP Free after allocator was destroyed
IL2CPP Free after allocator was destroyed
IL2CPP Free after allocator was destroyed
IL2CPP Free after allocator was destroyed
IL2CPP Free after allocator was destroyed
IL2CPP Free after allocator was destroyed
IL2CPP Free after allocator was destroyed
IL2CPP Free after allocator was destroyed
IL2CPP Free after allocator was destroyed
IL2CPP Free after allocator was destroyed
IL2CPP Free after allocator was destroyed
IL2CPP Free after allocator was destroyed
IL2CPP Free after allocator was destroyed
IL2CPP Free after allocator was destroyed
IL2CPP Free after allocator was destroyed
IL2CPP Free after allocator was destroyed
IL2CPP Free after allocator was destroyed
IL2CPP Free after allocator was destroyed
IL2CPP Free after allocator was destroyed
IL2CPP Free after allocator was destroyed
IL2CPP Free after allocator was destroyed
IL2CPP Free after allocator was destroyed
IL2CPP Free after allocator was destroyed
IL2CPP Free after allocator was destroyed
IL2CPP Free after allocator was destroyed
IL2CPP Free after allocator was destroyed
IL2CPP Free after allocator was destroyed
IL2CPP Free after allocator was destroyed
IL2CPP Free after allocator was destroyed
IL2CPP Free after allocator was destroyed
IL2CPP Free after allocator was destroyed
IL2CPP Free after allocator was destroyed
IL2CPP Free after allocator was destroyed
IL2CPP Free after allocator was destroyed
IL2CPP Free after allocator was destroyed
IL2CPP Free after allocator was destroyed
IL2CPP Free after allocator was destroyed
IL2CPP Free after allocator was destroyed
IL2CPP Free after allocator was destroyed
IL2CPP Free after allocator was destroyed
IL2CPP Free after allocator was destroyed
IL2CPP Free after allocator was destroyed
IL2CPP Free after allocator was destroyed
IL2CPP Free after allocator was destroyed
IL2CPP Free after allocator was destroyed
IL2CPP Free after allocator was destroyed
IL2CPP Free after allocator was destroyed
IL2CPP Free after allocator was destroyed
IL2CPP Free after allocator was destroyed
IL2CPP Free after allocator was destroyed
IL2CPP Free after allocator was destroyed
IL2CPP Free after allocator was destroyed
IL2CPP Free after allocator was destroyed
IL2CPP Free after allocator was destroyed
IL2CPP Free after allocator was destroyed
IL2CPP Free after allocator was destroyed
IL2CPP Free after allocator was destroyed
IL2CPP Free after allocator was destroyed
IL2CPP Free after allocator was destroyed
IL2CPP Free after allocator was destroyed
IL2CPP Free after allocator was destroyed
IL2CPP Free after allocator was destroyed
IL2CPP Free after allocator was destroyed
IL2CPP Free after allocator was destroyed
IL2CPP Free after allocator was destroyed
IL2CPP Free after allocator was destroyed
IL2CPP Free after allocator was destroyed
IL2CPP Free after allocator was destroyed
IL2CPP Free after allocator was destroyed
IL2CPP Free after allocator was destroyed
IL2CPP Free after allocator was destroyed
IL2CPP Free after allocator was destroyed
IL2CPP Free after allocator was destroyed
IL2CPP Free after allocator was destroyed
IL2CPP Free after allocator was destroyed
IL2CPP Free after allocator was destroyed
IL2CPP Free after allocator was destroyed
IL2CPP Free after allocator was destroyed
IL2CPP Free after allocator was destroyed
IL2CPP Free after allocator was destroyed
IL2CPP Free after allocator was destroyed
IL2CPP Free after allocator was destroyed
IL2CPP Free after allocator was destroyed
IL2CPP Free after allocator was destroyed
IL2CPP Free after allocator was destroyed
IL2CPP Free after allocator was destroyed
IL2CPP Free after allocator was destroyed
IL2CPP Free after allocator was destroyed
IL2CPP Free after allocator was destroyed
IL2CPP Free after allocator was destroyed
IL2CPP Free after allocator was destroyed
IL2CPP Free after allocator was destroyed
IL2CPP Free after allocator was destroyed
IL2CPP Free after allocator was destroyed
IL2CPP Free after allocator was destroyed
IL2CPP Free after allocator was destroyed
IL2CPP Free after allocator was destroyed
IL2CPP Free after allocator was destroyed
IL2CPP Free after allocator was destroyed
IL2CPP Free after allocator was destroyed
IL2CPP Free after allocator was destroyed
IL2CPP Free after allocator was destroyed
IL2CPP Free after allocator was destroyed
IL2CPP Free after allocator was destroyed
IL2CPP Free after allocator was destroyed
IL2CPP Free after allocator was destroyed
IL2CPP Free after allocator was destroyed
IL2CPP Free after allocator was destroyed
IL2CPP Free after allocator was destroyed
IL2CPP Free after allocator was destroyed
IL2CPP Free after allocator was destroyed
IL2CPP Free after allocator was destroyed
IL2CPP Free after allocator was destroyed
IL2CPP Free after allocator was destroyed
IL2CPP Free after allocator was destroyed
IL2CPP Free after allocator was destroyed
IL2CPP Free after allocator was destroyed
IL2CPP Free after allocator was destroyed
IL2CPP Free after allocator was destroyed
IL2CPP Free after allocator was destroyed
IL2CPP Free after allocator was destroyed
IL2CPP Free after allocator was destroyed
